2019-06-10 15:08:56,726 INFO [main] k.a.h.c.HelloSpringBootApplication [StartupInfoLogger.java:48] Starting HelloSpringBootApplication on SOHEE-PC with PID 12896 (C:\dev\workspace\helloSpringBoot\target\classes started by sohee in C:\dev\workspace\helloSpringBoot)
2019-06-10 15:08:56,732 DEBUG [main] k.a.h.c.HelloSpringBootApplication [StartupInfoLogger.java:51] Running with Spring Boot v1.5.21.RELEASE, Spring v4.3.24.RELEASE
2019-06-10 15:08:56,733 INFO [main] k.a.h.c.HelloSpringBootApplication [SpringApplication.java:593] No active profile set, falling back to default profiles: default
2019-06-10 15:08:57,097 INFO [background-preinit] o.h.v.i.u.Version [Version.java:30] HV000001: Hibernate Validator 5.3.6.Final
2019-06-10 15:08:57,220 INFO [main] o.s.b.c.e.AnnotationConfigEmbeddedWebApplicationContext [AbstractApplicationContext.java:583] Refreshing org.springframework.boot.context.embedded.AnnotationConfigEmbeddedWebApplicationContext@37e547da: startup date [Mon Jun 10 15:08:57 KST 2019]; root of context hierarchy
2019-06-10 15:08:59,214 INFO [main] o.s.b.c.e.t.TomcatEmbeddedServletContainer [TomcatEmbeddedServletContainer.java:92] Tomcat initialized with port(s): 9000 (http)
2019-06-10 15:08:59,246 INFO [main] o.a.c.h.Http11NioProtocol [DirectJDKLog.java:180] Initializing ProtocolHandler ["http-nio-9000"]
2019-06-10 15:08:59,279 INFO [main] o.a.c.c.StandardService [DirectJDKLog.java:180] Starting service [Tomcat]
2019-06-10 15:08:59,280 INFO [main] o.a.c.c.StandardEngine [DirectJDKLog.java:180] Starting Servlet Engine: Apache Tomcat/8.5.40
2019-06-10 15:08:59,547 INFO [localhost-startStop-1] o.a.c.c.C.[.[.[/] [DirectJDKLog.java:180] Initializing Spring embedded WebApplicationContext
2019-06-10 15:08:59,547 INFO [localhost-startStop-1] o.s.w.c.ContextLoader [EmbeddedWebApplicationContext.java:287] Root WebApplicationContext: initialization completed in 2335 ms
2019-06-10 15:08:59,905 INFO [localhost-startStop-1] o.s.b.w.s.FilterRegistrationBean [AbstractFilterRegistrationBean.java:259] Mapping filter: 'characterEncodingFilter' to: [/*]
2019-06-10 15:08:59,908 INFO [localhost-startStop-1] o.s.b.w.s.FilterRegistrationBean [AbstractFilterRegistrationBean.java:259] Mapping filter: 'hiddenHttpMethodFilter' to: [/*]
2019-06-10 15:08:59,909 INFO [localhost-startStop-1] o.s.b.w.s.FilterRegistrationBean [AbstractFilterRegistrationBean.java:259] Mapping filter: 'httpPutFormContentFilter' to: [/*]
2019-06-10 15:08:59,909 INFO [localhost-startStop-1] o.s.b.w.s.FilterRegistrationBean [AbstractFilterRegistrationBean.java:259] Mapping filter: 'requestContextFilter' to: [/*]
2019-06-10 15:08:59,911 INFO [localhost-startStop-1] o.s.b.w.s.DelegatingFilterProxyRegistrationBean [AbstractFilterRegistrationBean.java:259] Mapping filter: 'springSecurityFilterChain' to: [/*]
2019-06-10 15:08:59,911 INFO [localhost-startStop-1] o.s.b.w.s.ServletRegistrationBean [ServletRegistrationBean.java:191] Mapping servlet: 'dispatcherServlet' to [/]
2019-06-10 15:09:00,326 INFO [main] o.s.b.a.s.AuthenticationManagerConfiguration [AuthenticationManagerConfiguration.java:173] 

Using default security password: 806cebe5-3749-4318-bcb5-6964bdb533ca

2019-06-10 15:09:00,551 INFO [main] o.s.s.w.DefaultSecurityFilterChain [DefaultSecurityFilterChain.java:43] Creating filter chain: org.springframework.security.web.util.matcher.AnyRequestMatcher@1, [org.springframework.security.web.context.request.async.WebAsyncManagerIntegrationFilter@61f2c3f0, org.springframework.security.web.context.SecurityContextPersistenceFilter@5ffc5491, org.springframework.security.web.header.HeaderWriterFilter@241a0c3a, org.springframework.security.web.authentication.logout.LogoutFilter@3249a1ce, org.springframework.security.web.savedrequest.RequestCacheAwareFilter@3c443976, org.springframework.security.web.servletapi.SecurityContextHolderAwareRequestFilter@2e6ba49a, org.springframework.security.web.authentication.AnonymousAuthenticationFilter@291120f4, org.springframework.security.web.session.SessionManagementFilter@1d2644e3, org.springframework.security.web.access.ExceptionTranslationFilter@5767b2af, org.springframework.security.web.access.intercept.FilterSecurityInterceptor@1623bbe5]
2019-06-10 15:09:00,896 INFO [main] o.s.w.s.m.m.a.RequestMappingHandlerAdapter [RequestMappingHandlerAdapter.java:557] Looking for @ControllerAdvice: org.springframework.boot.context.embedded.AnnotationConfigEmbeddedWebApplicationContext@37e547da: startup date [Mon Jun 10 15:08:57 KST 2019]; root of context hierarchy
2019-06-10 15:09:00,977 INFO [main] o.s.w.s.m.m.a.RequestMappingHandlerMapping [AbstractHandlerMethodMapping.java:544] Mapped "{[/],methods=[GET]}" onto public java.lang.String kr.ac.hansung.cse.controller.HomeController.home(org.springframework.ui.Model)
2019-06-10 15:09:00,980 INFO [main] o.s.w.s.m.m.a.RequestMappingHandlerMapping [AbstractHandlerMethodMapping.java:544] Mapped "{[/error]}" onto public org.springframework.http.ResponseEntity<java.util.Map<java.lang.String, java.lang.Object>> org.springframework.boot.autoconfigure.web.BasicErrorController.error(javax.servlet.http.HttpServletRequest)
2019-06-10 15:09:00,981 INFO [main] o.s.w.s.m.m.a.RequestMappingHandlerMapping [AbstractHandlerMethodMapping.java:544] Mapped "{[/error],produces=[text/html]}" onto public org.springframework.web.servlet.ModelAndView org.springframework.boot.autoconfigure.web.BasicErrorController.errorHtml(javax.servlet.http.HttpServletRequest,javax.servlet.http.HttpServletResponse)
2019-06-10 15:09:01,024 INFO [main] o.s.w.s.h.SimpleUrlHandlerMapping [AbstractUrlHandlerMapping.java:364] Mapped URL path [/webjars/**] onto handler of type [class org.springframework.web.servlet.resource.ResourceHttpRequestHandler]
2019-06-10 15:09:01,024 INFO [main] o.s.w.s.h.SimpleUrlHandlerMapping [AbstractUrlHandlerMapping.java:364] Mapped URL path [/**] onto handler of type [class org.springframework.web.servlet.resource.ResourceHttpRequestHandler]
2019-06-10 15:09:01,086 INFO [main] o.s.w.s.h.SimpleUrlHandlerMapping [AbstractUrlHandlerMapping.java:364] Mapped URL path [/**/favicon.ico] onto handler of type [class org.springframework.web.servlet.resource.ResourceHttpRequestHandler]
2019-06-10 15:09:01,635 INFO [main] o.s.j.e.a.AnnotationMBeanExporter [MBeanExporter.java:431] Registering beans for JMX exposure on startup
2019-06-10 15:09:01,659 INFO [main] o.a.c.h.Http11NioProtocol [DirectJDKLog.java:180] Starting ProtocolHandler ["http-nio-9000"]
2019-06-10 15:09:01,684 INFO [main] o.a.t.u.n.NioSelectorPool [DirectJDKLog.java:180] Using a shared selector for servlet write/read
2019-06-10 15:09:01,715 INFO [main] o.s.b.c.e.t.TomcatEmbeddedServletContainer [TomcatEmbeddedServletContainer.java:216] Tomcat started on port(s): 9000 (http)
2019-06-10 15:09:01,724 INFO [main] k.a.h.c.HelloSpringBootApplication [StartupInfoLogger.java:57] Started HelloSpringBootApplication in 5.397 seconds (JVM running for 7.404)
2019-06-10 15:20:33,974 INFO [main] o.s.b.t.c.SpringBootTestContextBootstrapper [AbstractTestContextBootstrapper.java:307] Neither @ContextConfiguration nor @ContextHierarchy found for test class [kr.ac.hansung.cse.HelloSpringBootApplicationTests], using SpringBootContextLoader
2019-06-10 15:20:34,002 INFO [main] o.s.t.c.s.AbstractContextLoader [AbstractContextLoader.java:264] Could not detect default resource locations for test class [kr.ac.hansung.cse.HelloSpringBootApplicationTests]: no resource found for suffixes {-context.xml, Context.groovy}.
2019-06-10 15:20:34,005 INFO [main] o.s.t.c.s.AnnotationConfigContextLoaderUtils [AnnotationConfigContextLoaderUtils.java:82] Could not detect default configuration classes for test class [kr.ac.hansung.cse.HelloSpringBootApplicationTests]: HelloSpringBootApplicationTests does not declare any static, non-private, non-final, nested classes annotated with @Configuration.
2019-06-10 15:20:34,410 INFO [main] o.s.b.t.c.SpringBootTestContextBootstrapper [SpringBootTestContextBootstrapper.java:206] Found @SpringBootConfiguration kr.ac.hansung.cse.HelloSpringBootApplication for test class kr.ac.hansung.cse.HelloSpringBootApplicationTests
2019-06-10 15:20:34,444 INFO [main] o.s.b.t.c.SpringBootTestContextBootstrapper [AbstractTestContextBootstrapper.java:248] Loaded default TestExecutionListener class names from location [META-INF/spring.factories]: [org.springframework.boot.test.mock.mockito.MockitoTestExecutionListener, org.springframework.boot.test.mock.mockito.ResetMocksTestExecutionListener, org.springframework.boot.test.autoconfigure.restdocs.RestDocsTestExecutionListener, org.springframework.boot.test.autoconfigure.web.client.MockRestServiceServerResetTestExecutionListener, org.springframework.boot.test.autoconfigure.web.servlet.MockMvcPrintOnlyOnFailureTestExecutionListener, org.springframework.boot.test.autoconfigure.web.servlet.WebDriverTestExecutionListener, org.springframework.test.context.web.ServletTestExecutionListener, org.springframework.test.context.support.DirtiesContextBeforeModesTestExecutionListener, org.springframework.test.context.support.DependencyInjectionTestExecutionListener, org.springframework.test.context.support.DirtiesContextTestExecutionListener, org.springframework.test.context.transaction.TransactionalTestExecutionListener, org.springframework.test.context.jdbc.SqlScriptsTestExecutionListener]
2019-06-10 15:20:34,541 INFO [main] o.s.b.t.c.SpringBootTestContextBootstrapper [AbstractTestContextBootstrapper.java:174] Using TestExecutionListeners: [org.springframework.test.context.web.ServletTestExecutionListener@60704c, org.springframework.test.context.support.DirtiesContextBeforeModesTestExecutionListener@6b19b79, org.springframework.boot.test.mock.mockito.MockitoTestExecutionListener@2a32de6c, org.springframework.boot.test.autoconfigure.SpringBootDependencyInjectionTestExecutionListener@7692d9cc, org.springframework.test.context.support.DirtiesContextTestExecutionListener@75f32542, org.springframework.boot.test.mock.mockito.ResetMocksTestExecutionListener@7f1302d6, org.springframework.boot.test.autoconfigure.restdocs.RestDocsTestExecutionListener@43ee72e6, org.springframework.boot.test.autoconfigure.web.client.MockRestServiceServerResetTestExecutionListener@23529fee, org.springframework.boot.test.autoconfigure.web.servlet.MockMvcPrintOnlyOnFailureTestExecutionListener@4fe767f3, org.springframework.boot.test.autoconfigure.web.servlet.WebDriverTestExecutionListener@2805c96b]
2019-06-10 15:20:34,578 INFO [main] o.s.b.t.c.SpringBootTestContextBootstrapper [AbstractTestContextBootstrapper.java:307] Neither @ContextConfiguration nor @ContextHierarchy found for test class [kr.ac.hansung.cse.HelloSpringBootApplicationTests], using SpringBootContextLoader
2019-06-10 15:20:34,583 INFO [main] o.s.t.c.s.AbstractContextLoader [AbstractContextLoader.java:264] Could not detect default resource locations for test class [kr.ac.hansung.cse.HelloSpringBootApplicationTests]: no resource found for suffixes {-context.xml, Context.groovy}.
2019-06-10 15:20:34,591 INFO [main] o.s.t.c.s.AnnotationConfigContextLoaderUtils [AnnotationConfigContextLoaderUtils.java:82] Could not detect default configuration classes for test class [kr.ac.hansung.cse.HelloSpringBootApplicationTests]: HelloSpringBootApplicationTests does not declare any static, non-private, non-final, nested classes annotated with @Configuration.
2019-06-10 15:20:34,612 INFO [main] o.s.b.t.c.SpringBootTestContextBootstrapper [SpringBootTestContextBootstrapper.java:206] Found @SpringBootConfiguration kr.ac.hansung.cse.HelloSpringBootApplication for test class kr.ac.hansung.cse.HelloSpringBootApplicationTests
2019-06-10 15:20:34,644 INFO [main] o.s.b.t.c.SpringBootTestContextBootstrapper [AbstractTestContextBootstrapper.java:248] Loaded default TestExecutionListener class names from location [META-INF/spring.factories]: [org.springframework.boot.test.mock.mockito.MockitoTestExecutionListener, org.springframework.boot.test.mock.mockito.ResetMocksTestExecutionListener, org.springframework.boot.test.autoconfigure.restdocs.RestDocsTestExecutionListener, org.springframework.boot.test.autoconfigure.web.client.MockRestServiceServerResetTestExecutionListener, org.springframework.boot.test.autoconfigure.web.servlet.MockMvcPrintOnlyOnFailureTestExecutionListener, org.springframework.boot.test.autoconfigure.web.servlet.WebDriverTestExecutionListener, org.springframework.test.context.web.ServletTestExecutionListener, org.springframework.test.context.support.DirtiesContextBeforeModesTestExecutionListener, org.springframework.test.context.support.DependencyInjectionTestExecutionListener, org.springframework.test.context.support.DirtiesContextTestExecutionListener, org.springframework.test.context.transaction.TransactionalTestExecutionListener, org.springframework.test.context.jdbc.SqlScriptsTestExecutionListener]
2019-06-10 15:20:34,662 INFO [main] o.s.b.t.c.SpringBootTestContextBootstrapper [AbstractTestContextBootstrapper.java:174] Using TestExecutionListeners: [org.springframework.test.context.web.ServletTestExecutionListener@1ffe63b9, org.springframework.test.context.support.DirtiesContextBeforeModesTestExecutionListener@51e5fc98, org.springframework.boot.test.mock.mockito.MockitoTestExecutionListener@7c469c48, org.springframework.boot.test.autoconfigure.SpringBootDependencyInjectionTestExecutionListener@12e61fe6, org.springframework.test.context.support.DirtiesContextTestExecutionListener@7ee955a8, org.springframework.boot.test.mock.mockito.ResetMocksTestExecutionListener@1677d1, org.springframework.boot.test.autoconfigure.restdocs.RestDocsTestExecutionListener@48fa0f47, org.springframework.boot.test.autoconfigure.web.client.MockRestServiceServerResetTestExecutionListener@6ac13091, org.springframework.boot.test.autoconfigure.web.servlet.MockMvcPrintOnlyOnFailureTestExecutionListener@5e316c74, org.springframework.boot.test.autoconfigure.web.servlet.WebDriverTestExecutionListener@6d2a209c]
2019-06-10 15:20:35,843 INFO [main] k.a.h.c.HelloSpringBootApplicationTests [StartupInfoLogger.java:48] Starting HelloSpringBootApplicationTests on SOHEE-PC with PID 664 (started by sohee in C:\dev\workspace\helloSpringBoot)
2019-06-10 15:20:35,844 DEBUG [main] k.a.h.c.HelloSpringBootApplicationTests [StartupInfoLogger.java:51] Running with Spring Boot v1.5.21.RELEASE, Spring v4.3.24.RELEASE
2019-06-10 15:20:35,847 INFO [main] k.a.h.c.HelloSpringBootApplicationTests [SpringApplication.java:593] No active profile set, falling back to default profiles: default
2019-06-10 15:20:36,569 INFO [main] o.s.w.c.s.GenericWebApplicationContext [AbstractApplicationContext.java:583] Refreshing org.springframework.web.context.support.GenericWebApplicationContext@24fcf36f: startup date [Mon Jun 10 15:20:36 KST 2019]; root of context hierarchy
2019-06-10 15:20:37,020 INFO [background-preinit] o.h.v.i.u.Version [Version.java:30] HV000001: Hibernate Validator 5.3.6.Final
2019-06-10 15:20:41,877 INFO [main] o.s.b.a.s.AuthenticationManagerConfiguration [AuthenticationManagerConfiguration.java:173] 

Using default security password: c718c711-e900-4b6d-8ff5-45422e7f2dce

2019-06-10 15:20:42,439 INFO [main] o.s.s.w.DefaultSecurityFilterChain [DefaultSecurityFilterChain.java:43] Creating filter chain: org.springframework.security.web.util.matcher.AnyRequestMatcher@1, [org.springframework.security.web.context.request.async.WebAsyncManagerIntegrationFilter@71870da7, org.springframework.security.web.context.SecurityContextPersistenceFilter@77a281fc, org.springframework.security.web.header.HeaderWriterFilter@226b143b, org.springframework.security.web.authentication.logout.LogoutFilter@476ec9d0, org.springframework.security.web.savedrequest.RequestCacheAwareFilter@2bfbffb2, org.springframework.security.web.servletapi.SecurityContextHolderAwareRequestFilter@5ac7aa18, org.springframework.security.web.authentication.AnonymousAuthenticationFilter@6dd91637, org.springframework.security.web.session.SessionManagementFilter@566d0c69, org.springframework.security.web.access.ExceptionTranslationFilter@4158debd, org.springframework.security.web.access.intercept.FilterSecurityInterceptor@60dd3c23]
2019-06-10 15:20:43,903 INFO [main] o.s.w.s.m.m.a.RequestMappingHandlerAdapter [RequestMappingHandlerAdapter.java:557] Looking for @ControllerAdvice: org.springframework.web.context.support.GenericWebApplicationContext@24fcf36f: startup date [Mon Jun 10 15:20:36 KST 2019]; root of context hierarchy
2019-06-10 15:20:44,245 INFO [main] o.s.w.s.m.m.a.RequestMappingHandlerMapping [AbstractHandlerMethodMapping.java:544] Mapped "{[/],methods=[GET]}" onto public java.lang.String kr.ac.hansung.cse.controller.HomeController.home(org.springframework.ui.Model)
2019-06-10 15:20:44,265 INFO [main] o.s.w.s.m.m.a.RequestMappingHandlerMapping [AbstractHandlerMethodMapping.java:544] Mapped "{[/error]}" onto public org.springframework.http.ResponseEntity<java.util.Map<java.lang.String, java.lang.Object>> org.springframework.boot.autoconfigure.web.BasicErrorController.error(javax.servlet.http.HttpServletRequest)
2019-06-10 15:20:44,266 INFO [main] o.s.w.s.m.m.a.RequestMappingHandlerMapping [AbstractHandlerMethodMapping.java:544] Mapped "{[/error],produces=[text/html]}" onto public org.springframework.web.servlet.ModelAndView org.springframework.boot.autoconfigure.web.BasicErrorController.errorHtml(javax.servlet.http.HttpServletRequest,javax.servlet.http.HttpServletResponse)
2019-06-10 15:20:44,400 INFO [main] o.s.w.s.h.SimpleUrlHandlerMapping [AbstractUrlHandlerMapping.java:364] Mapped URL path [/webjars/**] onto handler of type [class org.springframework.web.servlet.resource.ResourceHttpRequestHandler]
2019-06-10 15:20:44,405 INFO [main] o.s.w.s.h.SimpleUrlHandlerMapping [AbstractUrlHandlerMapping.java:364] Mapped URL path [/**] onto handler of type [class org.springframework.web.servlet.resource.ResourceHttpRequestHandler]
2019-06-10 15:20:44,575 INFO [main] o.s.w.s.h.SimpleUrlHandlerMapping [AbstractUrlHandlerMapping.java:364] Mapped URL path [/**/favicon.ico] onto handler of type [class org.springframework.web.servlet.resource.ResourceHttpRequestHandler]
2019-06-10 15:20:46,474 INFO [main] k.a.h.c.HelloSpringBootApplicationTests [StartupInfoLogger.java:57] Started HelloSpringBootApplicationTests in 11.478 seconds (JVM running for 14.081)
2019-06-10 15:20:47,035 INFO [Thread-2] o.s.w.c.s.GenericWebApplicationContext [AbstractApplicationContext.java:985] Closing org.springframework.web.context.support.GenericWebApplicationContext@24fcf36f: startup date [Mon Jun 10 15:20:36 KST 2019]; root of context hierarchy
2019-06-10 15:27:26,552 INFO [RMI TCP Connection(2)-127.0.0.1] o.s.b.a.SpringApplicationAdminMXBeanRegistrar$SpringApplicationAdmin [SpringApplicationAdminMXBeanRegistrar.java:125] Application shutdown requested.
2019-06-10 15:27:26,553 INFO [RMI TCP Connection(2)-127.0.0.1] o.s.b.c.e.AnnotationConfigEmbeddedWebApplicationContext [AbstractApplicationContext.java:985] Closing org.springframework.boot.context.embedded.AnnotationConfigEmbeddedWebApplicationContext@37e547da: startup date [Mon Jun 10 15:08:57 KST 2019]; root of context hierarchy
2019-06-10 15:27:26,556 INFO [RMI TCP Connection(2)-127.0.0.1] o.s.j.e.a.AnnotationMBeanExporter [MBeanExporter.java:449] Unregistering JMX-exposed beans on shutdown
2019-06-10 16:44:03,149 INFO [main] k.a.h.c.HelloSpringBootApplication [StartupInfoLogger.java:48] Starting HelloSpringBootApplication on SOHEE-PC with PID 448 (C:\dev\workspace\helloSpringBoot\target\classes started by sohee in C:\dev\workspace\helloSpringBoot)
2019-06-10 16:44:03,159 DEBUG [main] k.a.h.c.HelloSpringBootApplication [StartupInfoLogger.java:51] Running with Spring Boot v1.5.21.RELEASE, Spring v4.3.24.RELEASE
2019-06-10 16:44:03,159 INFO [main] k.a.h.c.HelloSpringBootApplication [SpringApplication.java:593] No active profile set, falling back to default profiles: default
2019-06-10 16:44:03,846 INFO [background-preinit] o.h.v.i.u.Version [Version.java:30] HV000001: Hibernate Validator 5.3.6.Final
2019-06-10 16:44:03,975 INFO [main] o.s.b.c.e.AnnotationConfigEmbeddedWebApplicationContext [AbstractApplicationContext.java:583] Refreshing org.springframework.boot.context.embedded.AnnotationConfigEmbeddedWebApplicationContext@5bfa9431: startup date [Mon Jun 10 16:44:03 KST 2019]; root of context hierarchy
2019-06-10 16:44:06,562 INFO [main] o.s.c.s.PostProcessorRegistrationDelegate$BeanPostProcessorChecker [PostProcessorRegistrationDelegate.java:327] Bean 'org.springframework.transaction.annotation.ProxyTransactionManagementConfiguration' of type [org.springframework.transaction.annotation.ProxyTransactionManagementConfiguration$$EnhancerBySpringCGLIB$$7dda129d] is not eligible for getting processed by all BeanPostProcessors (for example: not eligible for auto-proxying)
2019-06-10 16:44:07,558 INFO [main] o.s.b.c.e.t.TomcatEmbeddedServletContainer [TomcatEmbeddedServletContainer.java:92] Tomcat initialized with port(s): 9000 (http)
2019-06-10 16:44:07,597 INFO [main] o.a.c.h.Http11NioProtocol [DirectJDKLog.java:180] Initializing ProtocolHandler ["http-nio-9000"]
2019-06-10 16:44:07,633 INFO [main] o.a.c.c.StandardService [DirectJDKLog.java:180] Starting service [Tomcat]
2019-06-10 16:44:07,633 INFO [main] o.a.c.c.StandardEngine [DirectJDKLog.java:180] Starting Servlet Engine: Apache Tomcat/8.5.40
2019-06-10 16:44:08,058 INFO [localhost-startStop-1] o.a.c.c.C.[.[.[/] [DirectJDKLog.java:180] Initializing Spring embedded WebApplicationContext
2019-06-10 16:44:08,059 INFO [localhost-startStop-1] o.s.w.c.ContextLoader [EmbeddedWebApplicationContext.java:287] Root WebApplicationContext: initialization completed in 4100 ms
2019-06-10 16:44:08,512 INFO [localhost-startStop-1] o.s.b.w.s.FilterRegistrationBean [AbstractFilterRegistrationBean.java:259] Mapping filter: 'characterEncodingFilter' to: [/*]
2019-06-10 16:44:08,513 INFO [localhost-startStop-1] o.s.b.w.s.FilterRegistrationBean [AbstractFilterRegistrationBean.java:259] Mapping filter: 'hiddenHttpMethodFilter' to: [/*]
2019-06-10 16:44:08,514 INFO [localhost-startStop-1] o.s.b.w.s.FilterRegistrationBean [AbstractFilterRegistrationBean.java:259] Mapping filter: 'httpPutFormContentFilter' to: [/*]
2019-06-10 16:44:08,514 INFO [localhost-startStop-1] o.s.b.w.s.FilterRegistrationBean [AbstractFilterRegistrationBean.java:259] Mapping filter: 'requestContextFilter' to: [/*]
2019-06-10 16:44:08,515 INFO [localhost-startStop-1] o.s.b.w.s.DelegatingFilterProxyRegistrationBean [AbstractFilterRegistrationBean.java:259] Mapping filter: 'springSecurityFilterChain' to: [/*]
2019-06-10 16:44:08,516 INFO [localhost-startStop-1] o.s.b.w.s.ServletRegistrationBean [ServletRegistrationBean.java:191] Mapping servlet: 'dispatcherServlet' to [/]
2019-06-10 16:44:11,118 INFO [main] o.s.o.j.LocalContainerEntityManagerFactoryBean [LocalContainerEntityManagerFactoryBean.java:356] Building JPA container EntityManagerFactory for persistence unit 'default'
2019-06-10 16:44:11,150 INFO [main] o.h.j.i.u.LogHelper [LogHelper.java:31] HHH000204: Processing PersistenceUnitInfo [
	name: default
	...]
2019-06-10 16:44:11,315 INFO [main] o.h.Version [Version.java:37] HHH000412: Hibernate Core {5.0.12.Final}
2019-06-10 16:44:11,317 INFO [main] o.h.c.Environment [Environment.java:213] HHH000206: hibernate.properties not found
2019-06-10 16:44:11,319 INFO [main] o.h.c.Environment [Environment.java:317] HHH000021: Bytecode provider name : javassist
2019-06-10 16:44:11,415 INFO [main] o.h.a.c.Version [JavaReflectionManager.java:66] HCANN000001: Hibernate Commons Annotations {5.0.1.Final}
2019-06-10 16:44:11,646 INFO [main] o.h.d.Dialect [Dialect.java:156] HHH000400: Using dialect: org.hibernate.dialect.MySQL5Dialect
2019-06-10 16:44:12,702 INFO [main] o.h.t.h.SchemaExport [SchemaExport.java:400] HHH000227: Running hbm2ddl schema export
2019-06-10 16:44:13,132 INFO [main] o.h.t.h.SchemaExport [SchemaExport.java:464] HHH000230: Schema export complete
2019-06-10 16:44:13,179 INFO [main] o.s.o.j.LocalContainerEntityManagerFactoryBean [AbstractEntityManagerFactoryBean.java:414] Initialized JPA EntityManagerFactory for persistence unit 'default'
2019-06-10 16:44:13,631 INFO [main] o.s.b.a.s.AuthenticationManagerConfiguration [AuthenticationManagerConfiguration.java:173] 

Using default security password: 44712ff5-8a2f-453a-a1b0-7c6543f1c8d0

2019-06-10 16:44:13,900 INFO [main] o.s.s.w.DefaultSecurityFilterChain [DefaultSecurityFilterChain.java:43] Creating filter chain: org.springframework.security.web.util.matcher.AnyRequestMatcher@1, [org.springframework.security.web.context.request.async.WebAsyncManagerIntegrationFilter@51a16adf, org.springframework.security.web.context.SecurityContextPersistenceFilter@3d9f0a5, org.springframework.security.web.header.HeaderWriterFilter@739265f1, org.springframework.security.web.authentication.logout.LogoutFilter@16e99306, org.springframework.security.web.savedrequest.RequestCacheAwareFilter@30aec673, org.springframework.security.web.servletapi.SecurityContextHolderAwareRequestFilter@4a89ef44, org.springframework.security.web.authentication.AnonymousAuthenticationFilter@385d819, org.springframework.security.web.session.SessionManagementFilter@19b07407, org.springframework.security.web.access.ExceptionTranslationFilter@7459a21e, org.springframework.security.web.access.intercept.FilterSecurityInterceptor@6a950a3b]
2019-06-10 16:44:14,719 INFO [main] o.s.w.s.m.m.a.RequestMappingHandlerAdapter [RequestMappingHandlerAdapter.java:557] Looking for @ControllerAdvice: org.springframework.boot.context.embedded.AnnotationConfigEmbeddedWebApplicationContext@5bfa9431: startup date [Mon Jun 10 16:44:03 KST 2019]; root of context hierarchy
2019-06-10 16:44:14,880 INFO [main] o.s.w.s.m.m.a.RequestMappingHandlerMapping [AbstractHandlerMethodMapping.java:544] Mapped "{[/],methods=[GET]}" onto public java.lang.String kr.ac.hansung.cse.controller.HomeController.home(org.springframework.ui.Model)
2019-06-10 16:44:14,884 INFO [main] o.s.w.s.m.m.a.RequestMappingHandlerMapping [AbstractHandlerMethodMapping.java:544] Mapped "{[/error]}" onto public org.springframework.http.ResponseEntity<java.util.Map<java.lang.String, java.lang.Object>> org.springframework.boot.autoconfigure.web.BasicErrorController.error(javax.servlet.http.HttpServletRequest)
2019-06-10 16:44:14,885 INFO [main] o.s.w.s.m.m.a.RequestMappingHandlerMapping [AbstractHandlerMethodMapping.java:544] Mapped "{[/error],produces=[text/html]}" onto public org.springframework.web.servlet.ModelAndView org.springframework.boot.autoconfigure.web.BasicErrorController.errorHtml(javax.servlet.http.HttpServletRequest,javax.servlet.http.HttpServletResponse)
2019-06-10 16:44:14,968 INFO [main] o.s.w.s.h.SimpleUrlHandlerMapping [AbstractUrlHandlerMapping.java:364] Mapped URL path [/webjars/**] onto handler of type [class org.springframework.web.servlet.resource.ResourceHttpRequestHandler]
2019-06-10 16:44:14,968 INFO [main] o.s.w.s.h.SimpleUrlHandlerMapping [AbstractUrlHandlerMapping.java:364] Mapped URL path [/**] onto handler of type [class org.springframework.web.servlet.resource.ResourceHttpRequestHandler]
2019-06-10 16:44:15,034 INFO [main] o.s.w.s.h.SimpleUrlHandlerMapping [AbstractUrlHandlerMapping.java:364] Mapped URL path [/**/favicon.ico] onto handler of type [class org.springframework.web.servlet.resource.ResourceHttpRequestHandler]
2019-06-10 16:44:15,902 INFO [main] o.s.j.e.a.AnnotationMBeanExporter [MBeanExporter.java:431] Registering beans for JMX exposure on startup
2019-06-10 16:44:15,941 INFO [main] o.a.c.h.Http11NioProtocol [DirectJDKLog.java:180] Starting ProtocolHandler ["http-nio-9000"]
2019-06-10 16:44:15,977 INFO [main] o.a.t.u.n.NioSelectorPool [DirectJDKLog.java:180] Using a shared selector for servlet write/read
2019-06-10 16:44:16,005 INFO [main] o.s.b.c.e.t.TomcatEmbeddedServletContainer [TomcatEmbeddedServletContainer.java:216] Tomcat started on port(s): 9000 (http)
2019-06-10 16:44:16,023 INFO [main] k.a.h.c.HelloSpringBootApplication [StartupInfoLogger.java:57] Started HelloSpringBootApplication in 13.294 seconds (JVM running for 15.436)
2019-06-10 16:53:56,207 INFO [RMI TCP Connection(2)-127.0.0.1] o.s.b.a.SpringApplicationAdminMXBeanRegistrar$SpringApplicationAdmin [SpringApplicationAdminMXBeanRegistrar.java:125] Application shutdown requested.
2019-06-10 16:53:56,207 INFO [RMI TCP Connection(2)-127.0.0.1] o.s.b.c.e.AnnotationConfigEmbeddedWebApplicationContext [AbstractApplicationContext.java:985] Closing org.springframework.boot.context.embedded.AnnotationConfigEmbeddedWebApplicationContext@5bfa9431: startup date [Mon Jun 10 16:44:03 KST 2019]; root of context hierarchy
2019-06-10 16:53:56,211 INFO [RMI TCP Connection(2)-127.0.0.1] o.s.j.e.a.AnnotationMBeanExporter [MBeanExporter.java:449] Unregistering JMX-exposed beans on shutdown
2019-06-10 16:53:56,213 INFO [RMI TCP Connection(2)-127.0.0.1] o.s.o.j.LocalContainerEntityManagerFactoryBean [AbstractEntityManagerFactoryBean.java:590] Closing JPA EntityManagerFactory for persistence unit 'default'
2019-06-10 16:54:01,232 INFO [main] k.a.h.c.HelloSpringBootApplication [StartupInfoLogger.java:48] Starting HelloSpringBootApplication on SOHEE-PC with PID 17200 (C:\dev\workspace\helloSpringBoot\target\classes started by sohee in C:\dev\workspace\helloSpringBoot)
2019-06-10 16:54:01,236 DEBUG [main] k.a.h.c.HelloSpringBootApplication [StartupInfoLogger.java:51] Running with Spring Boot v1.5.21.RELEASE, Spring v4.3.24.RELEASE
2019-06-10 16:54:01,239 INFO [main] k.a.h.c.HelloSpringBootApplication [SpringApplication.java:593] No active profile set, falling back to default profiles: default
2019-06-10 16:54:01,508 INFO [background-preinit] o.h.v.i.u.Version [Version.java:30] HV000001: Hibernate Validator 5.3.6.Final
2019-06-10 16:54:01,564 INFO [main] o.s.b.c.e.AnnotationConfigEmbeddedWebApplicationContext [AbstractApplicationContext.java:583] Refreshing org.springframework.boot.context.embedded.AnnotationConfigEmbeddedWebApplicationContext@5bfa9431: startup date [Mon Jun 10 16:54:01 KST 2019]; root of context hierarchy
2019-06-10 16:54:03,251 INFO [main] o.s.c.s.PostProcessorRegistrationDelegate$BeanPostProcessorChecker [PostProcessorRegistrationDelegate.java:327] Bean 'org.springframework.transaction.annotation.ProxyTransactionManagementConfiguration' of type [org.springframework.transaction.annotation.ProxyTransactionManagementConfiguration$$EnhancerBySpringCGLIB$$da5874f0] is not eligible for getting processed by all BeanPostProcessors (for example: not eligible for auto-proxying)
2019-06-10 16:54:03,976 INFO [main] o.s.b.c.e.t.TomcatEmbeddedServletContainer [TomcatEmbeddedServletContainer.java:92] Tomcat initialized with port(s): 9000 (http)
2019-06-10 16:54:04,004 INFO [main] o.a.c.h.Http11NioProtocol [DirectJDKLog.java:180] Initializing ProtocolHandler ["http-nio-9000"]
2019-06-10 16:54:04,037 INFO [main] o.a.c.c.StandardService [DirectJDKLog.java:180] Starting service [Tomcat]
2019-06-10 16:54:04,038 INFO [main] o.a.c.c.StandardEngine [DirectJDKLog.java:180] Starting Servlet Engine: Apache Tomcat/8.5.40
2019-06-10 16:54:04,417 INFO [localhost-startStop-1] o.a.c.c.C.[.[.[/] [DirectJDKLog.java:180] Initializing Spring embedded WebApplicationContext
2019-06-10 16:54:04,418 INFO [localhost-startStop-1] o.s.w.c.ContextLoader [EmbeddedWebApplicationContext.java:287] Root WebApplicationContext: initialization completed in 2860 ms
2019-06-10 16:54:04,704 INFO [localhost-startStop-1] o.s.b.w.s.FilterRegistrationBean [AbstractFilterRegistrationBean.java:259] Mapping filter: 'characterEncodingFilter' to: [/*]
2019-06-10 16:54:04,705 INFO [localhost-startStop-1] o.s.b.w.s.FilterRegistrationBean [AbstractFilterRegistrationBean.java:259] Mapping filter: 'hiddenHttpMethodFilter' to: [/*]
2019-06-10 16:54:04,706 INFO [localhost-startStop-1] o.s.b.w.s.FilterRegistrationBean [AbstractFilterRegistrationBean.java:259] Mapping filter: 'httpPutFormContentFilter' to: [/*]
2019-06-10 16:54:04,706 INFO [localhost-startStop-1] o.s.b.w.s.FilterRegistrationBean [AbstractFilterRegistrationBean.java:259] Mapping filter: 'requestContextFilter' to: [/*]
2019-06-10 16:54:04,708 INFO [localhost-startStop-1] o.s.b.w.s.DelegatingFilterProxyRegistrationBean [AbstractFilterRegistrationBean.java:259] Mapping filter: 'springSecurityFilterChain' to: [/*]
2019-06-10 16:54:04,708 INFO [localhost-startStop-1] o.s.b.w.s.ServletRegistrationBean [ServletRegistrationBean.java:191] Mapping servlet: 'dispatcherServlet' to [/]
2019-06-10 16:54:07,649 INFO [main] o.s.o.j.LocalContainerEntityManagerFactoryBean [LocalContainerEntityManagerFactoryBean.java:356] Building JPA container EntityManagerFactory for persistence unit 'default'
2019-06-10 16:54:07,670 INFO [main] o.h.j.i.u.LogHelper [LogHelper.java:31] HHH000204: Processing PersistenceUnitInfo [
	name: default
	...]
2019-06-10 16:54:07,795 INFO [main] o.h.Version [Version.java:37] HHH000412: Hibernate Core {5.0.12.Final}
2019-06-10 16:54:07,798 INFO [main] o.h.c.Environment [Environment.java:213] HHH000206: hibernate.properties not found
2019-06-10 16:54:07,799 INFO [main] o.h.c.Environment [Environment.java:317] HHH000021: Bytecode provider name : javassist
2019-06-10 16:54:07,875 INFO [main] o.h.a.c.Version [JavaReflectionManager.java:66] HCANN000001: Hibernate Commons Annotations {5.0.1.Final}
2019-06-10 16:54:08,226 INFO [main] o.h.d.Dialect [Dialect.java:156] HHH000400: Using dialect: org.hibernate.dialect.MySQL5Dialect
2019-06-10 16:54:08,747 INFO [main] o.h.t.h.SchemaExport [SchemaExport.java:400] HHH000227: Running hbm2ddl schema export
2019-06-10 16:54:08,985 INFO [main] o.h.t.h.SchemaExport [SchemaExport.java:464] HHH000230: Schema export complete
2019-06-10 16:54:09,017 INFO [main] o.s.o.j.LocalContainerEntityManagerFactoryBean [AbstractEntityManagerFactoryBean.java:414] Initialized JPA EntityManagerFactory for persistence unit 'default'
2019-06-10 16:54:09,351 INFO [main] o.s.b.a.s.AuthenticationManagerConfiguration [AuthenticationManagerConfiguration.java:173] 

Using default security password: 86b109db-4368-41b7-9ccc-6339732e8c0e

2019-06-10 16:54:09,535 INFO [main] o.s.s.w.DefaultSecurityFilterChain [DefaultSecurityFilterChain.java:43] Creating filter chain: org.springframework.security.web.util.matcher.AnyRequestMatcher@1, [org.springframework.security.web.context.request.async.WebAsyncManagerIntegrationFilter@4315c28c, org.springframework.security.web.context.SecurityContextPersistenceFilter@30aec673, org.springframework.security.web.header.HeaderWriterFilter@6acffb2d, org.springframework.security.web.authentication.logout.LogoutFilter@48581a3b, org.springframework.security.web.savedrequest.RequestCacheAwareFilter@188a5fc2, org.springframework.security.web.servletapi.SecurityContextHolderAwareRequestFilter@1cbc1dde, org.springframework.security.web.authentication.AnonymousAuthenticationFilter@8fd91d1, org.springframework.security.web.session.SessionManagementFilter@49c099b, org.springframework.security.web.access.ExceptionTranslationFilter@d54d0f5, org.springframework.security.web.access.intercept.FilterSecurityInterceptor@647b9364]
2019-06-10 16:54:09,856 INFO [main] o.s.j.d.i.ScriptUtils [ScriptUtils.java:443] Executing SQL script from URL [file:/C:/dev/workspace/helloSpringBoot/target/classes/data.sql]
2019-06-10 16:54:09,881 INFO [main] o.s.j.d.i.ScriptUtils [ScriptUtils.java:509] Executed SQL script from URL [file:/C:/dev/workspace/helloSpringBoot/target/classes/data.sql] in 24 ms.
2019-06-10 16:54:10,184 INFO [main] o.s.w.s.m.m.a.RequestMappingHandlerAdapter [RequestMappingHandlerAdapter.java:557] Looking for @ControllerAdvice: org.springframework.boot.context.embedded.AnnotationConfigEmbeddedWebApplicationContext@5bfa9431: startup date [Mon Jun 10 16:54:01 KST 2019]; root of context hierarchy
2019-06-10 16:54:10,269 INFO [main] o.s.w.s.m.m.a.RequestMappingHandlerMapping [AbstractHandlerMethodMapping.java:544] Mapped "{[/],methods=[GET]}" onto public java.lang.String kr.ac.hansung.cse.controller.HomeController.home(org.springframework.ui.Model)
2019-06-10 16:54:10,273 INFO [main] o.s.w.s.m.m.a.RequestMappingHandlerMapping [AbstractHandlerMethodMapping.java:544] Mapped "{[/error]}" onto public org.springframework.http.ResponseEntity<java.util.Map<java.lang.String, java.lang.Object>> org.springframework.boot.autoconfigure.web.BasicErrorController.error(javax.servlet.http.HttpServletRequest)
2019-06-10 16:54:10,273 INFO [main] o.s.w.s.m.m.a.RequestMappingHandlerMapping [AbstractHandlerMethodMapping.java:544] Mapped "{[/error],produces=[text/html]}" onto public org.springframework.web.servlet.ModelAndView org.springframework.boot.autoconfigure.web.BasicErrorController.errorHtml(javax.servlet.http.HttpServletRequest,javax.servlet.http.HttpServletResponse)
2019-06-10 16:54:10,327 INFO [main] o.s.w.s.h.SimpleUrlHandlerMapping [AbstractUrlHandlerMapping.java:364] Mapped URL path [/webjars/**] onto handler of type [class org.springframework.web.servlet.resource.ResourceHttpRequestHandler]
2019-06-10 16:54:10,327 INFO [main] o.s.w.s.h.SimpleUrlHandlerMapping [AbstractUrlHandlerMapping.java:364] Mapped URL path [/**] onto handler of type [class org.springframework.web.servlet.resource.ResourceHttpRequestHandler]
2019-06-10 16:54:10,381 INFO [main] o.s.w.s.h.SimpleUrlHandlerMapping [AbstractUrlHandlerMapping.java:364] Mapped URL path [/**/favicon.ico] onto handler of type [class org.springframework.web.servlet.resource.ResourceHttpRequestHandler]
2019-06-10 16:54:10,982 INFO [main] o.s.j.e.a.AnnotationMBeanExporter [MBeanExporter.java:431] Registering beans for JMX exposure on startup
2019-06-10 16:54:10,999 INFO [main] o.a.c.h.Http11NioProtocol [DirectJDKLog.java:180] Starting ProtocolHandler ["http-nio-9000"]
2019-06-10 16:54:11,013 INFO [main] o.a.t.u.n.NioSelectorPool [DirectJDKLog.java:180] Using a shared selector for servlet write/read
2019-06-10 16:54:11,028 INFO [main] o.s.b.c.e.t.TomcatEmbeddedServletContainer [TomcatEmbeddedServletContainer.java:216] Tomcat started on port(s): 9000 (http)
2019-06-10 16:54:11,032 INFO [main] k.a.h.c.HelloSpringBootApplication [StartupInfoLogger.java:57] Started HelloSpringBootApplication in 10.109 seconds (JVM running for 12.46)
2019-06-10 17:05:49,607 INFO [RMI TCP Connection(2)-127.0.0.1] o.s.b.a.SpringApplicationAdminMXBeanRegistrar$SpringApplicationAdmin [SpringApplicationAdminMXBeanRegistrar.java:125] Application shutdown requested.
2019-06-10 17:05:49,608 INFO [RMI TCP Connection(2)-127.0.0.1] o.s.b.c.e.AnnotationConfigEmbeddedWebApplicationContext [AbstractApplicationContext.java:985] Closing org.springframework.boot.context.embedded.AnnotationConfigEmbeddedWebApplicationContext@5bfa9431: startup date [Mon Jun 10 16:54:01 KST 2019]; root of context hierarchy
2019-06-10 17:05:49,610 INFO [RMI TCP Connection(2)-127.0.0.1] o.s.j.e.a.AnnotationMBeanExporter [MBeanExporter.java:449] Unregistering JMX-exposed beans on shutdown
2019-06-10 17:05:49,613 INFO [RMI TCP Connection(2)-127.0.0.1] o.s.o.j.LocalContainerEntityManagerFactoryBean [AbstractEntityManagerFactoryBean.java:590] Closing JPA EntityManagerFactory for persistence unit 'default'
2019-06-10 17:42:24,991 INFO [main] k.a.h.c.HelloSpringBootApplication [StartupInfoLogger.java:48] Starting HelloSpringBootApplication on SOHEE-PC with PID 1616 (C:\dev\workspace\helloSpringBoot\target\classes started by sohee in C:\dev\workspace\helloSpringBoot)
2019-06-10 17:42:24,999 DEBUG [main] k.a.h.c.HelloSpringBootApplication [StartupInfoLogger.java:51] Running with Spring Boot v1.5.21.RELEASE, Spring v4.3.24.RELEASE
2019-06-10 17:42:25,004 INFO [main] k.a.h.c.HelloSpringBootApplication [SpringApplication.java:593] No active profile set, falling back to default profiles: default
2019-06-10 17:42:25,455 INFO [background-preinit] o.h.v.i.u.Version [Version.java:30] HV000001: Hibernate Validator 5.3.6.Final
2019-06-10 17:42:25,634 INFO [main] o.s.b.c.e.AnnotationConfigEmbeddedWebApplicationContext [AbstractApplicationContext.java:583] Refreshing org.springframework.boot.context.embedded.AnnotationConfigEmbeddedWebApplicationContext@5bfa9431: startup date [Mon Jun 10 17:42:25 KST 2019]; root of context hierarchy
2019-06-10 17:42:27,684 INFO [main] o.s.c.s.PostProcessorRegistrationDelegate$BeanPostProcessorChecker [PostProcessorRegistrationDelegate.java:327] Bean 'org.springframework.transaction.annotation.ProxyTransactionManagementConfiguration' of type [org.springframework.transaction.annotation.ProxyTransactionManagementConfiguration$$EnhancerBySpringCGLIB$$6edf9e5] is not eligible for getting processed by all BeanPostProcessors (for example: not eligible for auto-proxying)
2019-06-10 17:42:28,625 INFO [main] o.s.b.c.e.t.TomcatEmbeddedServletContainer [TomcatEmbeddedServletContainer.java:92] Tomcat initialized with port(s): 9000 (http)
2019-06-10 17:42:28,657 INFO [main] o.a.c.h.Http11NioProtocol [DirectJDKLog.java:180] Initializing ProtocolHandler ["http-nio-9000"]
2019-06-10 17:42:28,689 INFO [main] o.a.c.c.StandardService [DirectJDKLog.java:180] Starting service [Tomcat]
2019-06-10 17:42:28,689 INFO [main] o.a.c.c.StandardEngine [DirectJDKLog.java:180] Starting Servlet Engine: Apache Tomcat/8.5.40
2019-06-10 17:42:29,001 INFO [localhost-startStop-1] o.a.c.c.C.[.[.[/] [DirectJDKLog.java:180] Initializing Spring embedded WebApplicationContext
2019-06-10 17:42:29,003 INFO [localhost-startStop-1] o.s.w.c.ContextLoader [EmbeddedWebApplicationContext.java:287] Root WebApplicationContext: initialization completed in 3378 ms
2019-06-10 17:42:29,409 INFO [localhost-startStop-1] o.s.b.w.s.FilterRegistrationBean [AbstractFilterRegistrationBean.java:259] Mapping filter: 'characterEncodingFilter' to: [/*]
2019-06-10 17:42:29,409 INFO [localhost-startStop-1] o.s.b.w.s.FilterRegistrationBean [AbstractFilterRegistrationBean.java:259] Mapping filter: 'hiddenHttpMethodFilter' to: [/*]
2019-06-10 17:42:29,410 INFO [localhost-startStop-1] o.s.b.w.s.FilterRegistrationBean [AbstractFilterRegistrationBean.java:259] Mapping filter: 'httpPutFormContentFilter' to: [/*]
2019-06-10 17:42:29,410 INFO [localhost-startStop-1] o.s.b.w.s.FilterRegistrationBean [AbstractFilterRegistrationBean.java:259] Mapping filter: 'requestContextFilter' to: [/*]
2019-06-10 17:42:29,412 INFO [localhost-startStop-1] o.s.b.w.s.DelegatingFilterProxyRegistrationBean [AbstractFilterRegistrationBean.java:259] Mapping filter: 'springSecurityFilterChain' to: [/*]
2019-06-10 17:42:29,414 INFO [localhost-startStop-1] o.s.b.w.s.ServletRegistrationBean [ServletRegistrationBean.java:191] Mapping servlet: 'dispatcherServlet' to [/]
2019-06-10 17:42:32,270 INFO [main] o.s.o.j.LocalContainerEntityManagerFactoryBean [LocalContainerEntityManagerFactoryBean.java:356] Building JPA container EntityManagerFactory for persistence unit 'default'
2019-06-10 17:42:32,292 INFO [main] o.h.j.i.u.LogHelper [LogHelper.java:31] HHH000204: Processing PersistenceUnitInfo [
	name: default
	...]
2019-06-10 17:42:32,443 INFO [main] o.h.Version [Version.java:37] HHH000412: Hibernate Core {5.0.12.Final}
2019-06-10 17:42:32,450 INFO [main] o.h.c.Environment [Environment.java:213] HHH000206: hibernate.properties not found
2019-06-10 17:42:32,457 INFO [main] o.h.c.Environment [Environment.java:317] HHH000021: Bytecode provider name : javassist
2019-06-10 17:42:32,556 INFO [main] o.h.a.c.Version [JavaReflectionManager.java:66] HCANN000001: Hibernate Commons Annotations {5.0.1.Final}
2019-06-10 17:42:33,099 INFO [main] o.h.d.Dialect [Dialect.java:156] HHH000400: Using dialect: org.hibernate.dialect.MySQL5Dialect
2019-06-10 17:42:33,887 INFO [main] o.h.t.h.SchemaExport [SchemaExport.java:400] HHH000227: Running hbm2ddl schema export
2019-06-10 17:42:34,217 INFO [main] o.h.t.h.SchemaExport [SchemaExport.java:464] HHH000230: Schema export complete
2019-06-10 17:42:34,277 INFO [main] o.s.o.j.LocalContainerEntityManagerFactoryBean [AbstractEntityManagerFactoryBean.java:414] Initialized JPA EntityManagerFactory for persistence unit 'default'
2019-06-10 17:42:34,550 INFO [main] o.s.j.d.i.ScriptUtils [ScriptUtils.java:443] Executing SQL script from URL [file:/C:/dev/workspace/helloSpringBoot/target/classes/data.sql]
2019-06-10 17:42:34,573 INFO [main] o.s.j.d.i.ScriptUtils [ScriptUtils.java:509] Executed SQL script from URL [file:/C:/dev/workspace/helloSpringBoot/target/classes/data.sql] in 23 ms.
2019-06-10 17:42:35,029 INFO [main] o.s.b.a.s.AuthenticationManagerConfiguration [AuthenticationManagerConfiguration.java:173] 

Using default security password: 77eab1d9-8281-4eb5-b76b-e3d65830c829

2019-06-10 17:42:35,313 INFO [main] o.s.s.w.DefaultSecurityFilterChain [DefaultSecurityFilterChain.java:43] Creating filter chain: org.springframework.security.web.util.matcher.AnyRequestMatcher@1, [org.springframework.security.web.context.request.async.WebAsyncManagerIntegrationFilter@1e40fbb3, org.springframework.security.web.context.SecurityContextPersistenceFilter@6af65f29, org.springframework.security.web.header.HeaderWriterFilter@6b27b2d0, org.springframework.security.web.authentication.logout.LogoutFilter@41e9f86, org.springframework.security.web.savedrequest.RequestCacheAwareFilter@3c81cd82, org.springframework.security.web.servletapi.SecurityContextHolderAwareRequestFilter@435e416c, org.springframework.security.web.authentication.AnonymousAuthenticationFilter@1b560eb0, org.springframework.security.web.session.SessionManagementFilter@240f350a, org.springframework.security.web.access.ExceptionTranslationFilter@16bd7ae1, org.springframework.security.web.access.intercept.FilterSecurityInterceptor@1eca3ea7]
2019-06-10 17:42:35,697 INFO [main] o.s.w.s.m.m.a.RequestMappingHandlerAdapter [RequestMappingHandlerAdapter.java:557] Looking for @ControllerAdvice: org.springframework.boot.context.embedded.AnnotationConfigEmbeddedWebApplicationContext@5bfa9431: startup date [Mon Jun 10 17:42:25 KST 2019]; root of context hierarchy
2019-06-10 17:42:35,835 INFO [main] o.s.w.s.m.m.a.RequestMappingHandlerMapping [AbstractHandlerMethodMapping.java:544] Mapped "{[/api/customers],methods=[GET],produces=[application/json]}" onto public org.springframework.http.ResponseEntity<java.util.List<kr.ac.hansung.cse.model.Customer>> kr.ac.hansung.cse.controller.CustomerController.getAll()
2019-06-10 17:42:35,845 INFO [main] o.s.w.s.m.m.a.RequestMappingHandlerMapping [AbstractHandlerMethodMapping.java:544] Mapped "{[/api/customers/{lastName}],methods=[GET],produces=[application/json]}" onto public org.springframework.http.ResponseEntity<java.util.List<kr.ac.hansung.cse.model.Customer>> kr.ac.hansung.cse.controller.CustomerController.findByLastName(java.lang.String)
2019-06-10 17:42:35,845 INFO [main] o.s.w.s.m.m.a.RequestMappingHandlerMapping [AbstractHandlerMethodMapping.java:544] Mapped "{[/api/customers],methods=[POST]}" onto public org.springframework.http.ResponseEntity<java.lang.Void> kr.ac.hansung.cse.controller.CustomerController.postCustomer(kr.ac.hansung.cse.model.Customer)
2019-06-10 17:42:35,846 INFO [main] o.s.w.s.m.m.a.RequestMappingHandlerMapping [AbstractHandlerMethodMapping.java:544] Mapped "{[/api/customers/{id}],methods=[DELETE]}" onto public org.springframework.http.ResponseEntity<java.lang.Void> kr.ac.hansung.cse.controller.CustomerController.deleteCustomer(long)
2019-06-10 17:42:35,849 INFO [main] o.s.w.s.m.m.a.RequestMappingHandlerMapping [AbstractHandlerMethodMapping.java:544] Mapped "{[/],methods=[GET]}" onto public java.lang.String kr.ac.hansung.cse.controller.HomeController.home(org.springframework.ui.Model)
2019-06-10 17:42:35,852 INFO [main] o.s.w.s.m.m.a.RequestMappingHandlerMapping [AbstractHandlerMethodMapping.java:544] Mapped "{[/error]}" onto public org.springframework.http.ResponseEntity<java.util.Map<java.lang.String, java.lang.Object>> org.springframework.boot.autoconfigure.web.BasicErrorController.error(javax.servlet.http.HttpServletRequest)
2019-06-10 17:42:35,852 INFO [main] o.s.w.s.m.m.a.RequestMappingHandlerMapping [AbstractHandlerMethodMapping.java:544] Mapped "{[/error],produces=[text/html]}" onto public org.springframework.web.servlet.ModelAndView org.springframework.boot.autoconfigure.web.BasicErrorController.errorHtml(javax.servlet.http.HttpServletRequest,javax.servlet.http.HttpServletResponse)
2019-06-10 17:42:35,910 INFO [main] o.s.w.s.h.SimpleUrlHandlerMapping [AbstractUrlHandlerMapping.java:364] Mapped URL path [/webjars/**] onto handler of type [class org.springframework.web.servlet.resource.ResourceHttpRequestHandler]
2019-06-10 17:42:35,910 INFO [main] o.s.w.s.h.SimpleUrlHandlerMapping [AbstractUrlHandlerMapping.java:364] Mapped URL path [/**] onto handler of type [class org.springframework.web.servlet.resource.ResourceHttpRequestHandler]
2019-06-10 17:42:35,983 INFO [main] o.s.w.s.h.SimpleUrlHandlerMapping [AbstractUrlHandlerMapping.java:364] Mapped URL path [/**/favicon.ico] onto handler of type [class org.springframework.web.servlet.resource.ResourceHttpRequestHandler]
2019-06-10 17:42:37,053 INFO [main] o.s.j.e.a.AnnotationMBeanExporter [MBeanExporter.java:431] Registering beans for JMX exposure on startup
2019-06-10 17:42:37,077 INFO [main] o.a.c.h.Http11NioProtocol [DirectJDKLog.java:180] Starting ProtocolHandler ["http-nio-9000"]
2019-06-10 17:42:37,114 INFO [main] o.a.t.u.n.NioSelectorPool [DirectJDKLog.java:180] Using a shared selector for servlet write/read
2019-06-10 17:42:37,138 INFO [main] o.s.b.c.e.t.TomcatEmbeddedServletContainer [TomcatEmbeddedServletContainer.java:216] Tomcat started on port(s): 9000 (http)
2019-06-10 17:42:37,147 INFO [main] k.a.h.c.HelloSpringBootApplication [StartupInfoLogger.java:57] Started HelloSpringBootApplication in 12.683 seconds (JVM running for 15.669)
2019-06-10 17:46:31,364 INFO [http-nio-9000-exec-1] o.a.c.c.C.[.[.[/] [DirectJDKLog.java:180] Initializing Spring FrameworkServlet 'dispatcherServlet'
2019-06-10 17:46:31,364 INFO [http-nio-9000-exec-1] o.s.w.s.DispatcherServlet [FrameworkServlet.java:489] FrameworkServlet 'dispatcherServlet': initialization started
2019-06-10 17:46:31,410 INFO [http-nio-9000-exec-1] o.s.w.s.DispatcherServlet [FrameworkServlet.java:508] FrameworkServlet 'dispatcherServlet': initialization completed in 46 ms
2019-06-10 17:46:31,504 DEBUG [http-nio-9000-exec-1] k.a.h.c.c.HomeController [HomeController.java:20] Calling home( )
2019-06-10 17:46:31,542 INFO [http-nio-9000-exec-1] o.t.TemplateEngine [TemplateEngine.java:825] [THYMELEAF] INITIALIZING TEMPLATE ENGINE
2019-06-10 17:46:31,614 INFO [http-nio-9000-exec-1] o.t.t.AbstractTemplateResolver [AbstractTemplateResolver.java:99] [THYMELEAF] INITIALIZING TEMPLATE RESOLVER: org.thymeleaf.spring4.templateresolver.SpringResourceTemplateResolver
2019-06-10 17:46:31,614 INFO [http-nio-9000-exec-1] o.t.t.AbstractTemplateResolver [AbstractTemplateResolver.java:110] [THYMELEAF] TEMPLATE RESOLVER INITIALIZED OK
2019-06-10 17:46:31,615 INFO [http-nio-9000-exec-1] o.t.m.AbstractMessageResolver [AbstractMessageResolver.java:72] [THYMELEAF] INITIALIZING MESSAGE RESOLVER: org.thymeleaf.spring4.messageresolver.SpringMessageResolver
2019-06-10 17:46:31,615 INFO [http-nio-9000-exec-1] o.t.m.AbstractMessageResolver [AbstractMessageResolver.java:78] [THYMELEAF] MESSAGE RESOLVER INITIALIZED OK
2019-06-10 17:46:31,624 INFO [http-nio-9000-exec-1] o.t.T.CONFIG [ConfigurationPrinterHelper.java:123] [THYMELEAF] TEMPLATE ENGINE CONFIGURATION:
[THYMELEAF] * Cache Factory implementation: org.thymeleaf.cache.StandardCacheManager
[THYMELEAF] * Template modes:
[THYMELEAF]     * LEGACYHTML5
[THYMELEAF]     * VALIDXHTML
[THYMELEAF]     * VALIDXML
[THYMELEAF]     * XHTML
[THYMELEAF]     * HTML5
[THYMELEAF]     * XML
[THYMELEAF] * Template resolvers (in order):
[THYMELEAF]     * org.thymeleaf.spring4.templateresolver.SpringResourceTemplateResolver
[THYMELEAF] * Message resolvers (in order):
[THYMELEAF]     * org.thymeleaf.spring4.messageresolver.SpringMessageResolver
[THYMELEAF] * Dialect [1 of 2]: org.thymeleaf.spring4.dialect.SpringStandardDialect
[THYMELEAF]     * Prefix: "th"
[THYMELEAF] * Dialect [2 of 2]: nz.net.ultraq.thymeleaf.LayoutDialect
[THYMELEAF]     * Prefix: "layout"
[THYMELEAF] TEMPLATE ENGINE CONFIGURED OK
2019-06-10 17:46:31,624 INFO [http-nio-9000-exec-1] o.t.TemplateEngine [TemplateEngine.java:838] [THYMELEAF] TEMPLATE ENGINE INITIALIZED
2019-06-10 17:46:57,652 DEBUG [http-nio-9000-exec-4] k.a.h.c.c.CustomerController [CustomerController.java:41] Calling getAll( )
2019-06-10 17:46:57,707 INFO [http-nio-9000-exec-4] o.h.h.i.QueryTranslatorFactoryInitiator [QueryTranslatorFactoryInitiator.java:47] HHH000397: Using ASTQueryTranslatorFactory
2019-06-10 17:50:23,046 DEBUG [http-nio-9000-exec-7] k.a.h.c.c.CustomerController [CustomerController.java:41] Calling getAll( )
2019-06-10 17:51:52,729 DEBUG [http-nio-9000-exec-10] k.a.h.c.c.CustomerController [CustomerController.java:79] Calling findByLastName( )
2019-06-10 17:56:55,401 DEBUG [http-nio-9000-exec-1] k.a.h.c.c.CustomerController [CustomerController.java:60] Calling postCustomer( )
2019-06-10 17:58:58,620 DEBUG [http-nio-9000-exec-3] k.a.h.c.c.CustomerController [CustomerController.java:41] Calling getAll( )
2019-06-10 18:00:41,001 DEBUG [http-nio-9000-exec-5] k.a.h.c.c.CustomerController [CustomerController.java:91] Calling deleteCustomer( )
2019-06-10 18:00:48,600 DEBUG [http-nio-9000-exec-6] k.a.h.c.c.CustomerController [CustomerController.java:41] Calling getAll( )
